0 info it worked if it ends with ok
1 verbose cli [ '/usr/bin/node', '/usr/bin/npm', 'install', 'laravel-elexir' ]
2 info using npm@2.11.3
3 info using node@v0.12.7
4 verbose node symlink /usr/bin/node
5 verbose install initial load of /home/alez/Code/laracasts/comand_oriented_aproach/larabook/package.json
6 verbose installManyTop reading scoped package data from /home/alez/Code/laracasts/comand_oriented_aproach/larabook/node_modules/gulp/package.json
7 verbose installManyTop reading scoped package data from /home/alez/Code/laracasts/comand_oriented_aproach/larabook/node_modules/gulp-autoprefixer/package.json
8 verbose installManyTop reading scoped package data from /home/alez/Code/laracasts/comand_oriented_aproach/larabook/node_modules/gulp-sass/package.json
9 verbose readDependencies loading dependencies from /home/alez/Code/laracasts/comand_oriented_aproach/larabook/package.json
10 silly cache add args [ 'laravel-elexir', null ]
11 verbose cache add spec laravel-elexir
12 silly cache add parsed spec { raw: 'laravel-elexir',
12 silly cache add   scope: null,
12 silly cache add   name: 'laravel-elexir',
12 silly cache add   rawSpec: '',
12 silly cache add   spec: '*',
12 silly cache add   type: 'range' }
13 silly addNamed laravel-elexir@*
14 verbose addNamed "*" is a valid semver range for laravel-elexir
15 silly addNameRange { name: 'laravel-elexir', range: '*', hasData: false }
16 silly mapToRegistry name laravel-elexir
17 silly mapToRegistry using default registry
18 silly mapToRegistry registry https://registry.npmjs.org/
19 silly mapToRegistry uri https://registry.npmjs.org/laravel-elexir
20 verbose addNameRange registry:https://registry.npmjs.org/laravel-elexir not in flight; fetching
21 verbose request uri https://registry.npmjs.org/laravel-elexir
22 verbose request no auth needed
23 info attempt registry request try #1 at 19:34:40
24 verbose request id a8291bd90113e2cb
25 http request GET https://registry.npmjs.org/laravel-elexir
26 http 404 https://registry.npmjs.org/laravel-elexir
27 verbose headers { 'content-type': 'application/json',
27 verbose headers   'cache-control': 'max-age=0',
27 verbose headers   'content-length': '2',
27 verbose headers   'accept-ranges': 'bytes',
27 verbose headers   date: 'Thu, 03 Sep 2015 12:34:41 GMT',
27 verbose headers   via: '1.1 varnish',
27 verbose headers   age: '0',
27 verbose headers   connection: 'keep-alive',
27 verbose headers   'x-served-by': 'cache-fra1220-FRA',
27 verbose headers   'x-cache': 'MISS',
27 verbose headers   'x-cache-hits': '0',
27 verbose headers   'x-timer': 'S1441283681.248435,VS0,VE102' }
28 silly get cb [ 404,
28 silly get   { 'content-type': 'application/json',
28 silly get     'cache-control': 'max-age=0',
28 silly get     'content-length': '2',
28 silly get     'accept-ranges': 'bytes',
28 silly get     date: 'Thu, 03 Sep 2015 12:34:41 GMT',
28 silly get     via: '1.1 varnish',
28 silly get     age: '0',
28 silly get     connection: 'keep-alive',
28 silly get     'x-served-by': 'cache-fra1220-FRA',
28 silly get     'x-cache': 'MISS',
28 silly get     'x-cache-hits': '0',
28 silly get     'x-timer': 'S1441283681.248435,VS0,VE102' } ]
29 verbose stack Error: Registry returned 404 for GET on https://registry.npmjs.org/laravel-elexir
29 verbose stack     at CachingRegistryClient.<anonymous> (/usr/lib/node_modules/npm/node_modules/npm-registry-client/lib/request.js:239:14)
29 verbose stack     at Request._callback (/usr/lib/node_modules/npm/node_modules/npm-registry-client/lib/request.js:170:14)
29 verbose stack     at Request.self.callback (/usr/lib/node_modules/npm/node_modules/request/request.js:354:22)
29 verbose stack     at Request.emit (events.js:110:17)
29 verbose stack     at Request.<anonymous> (/usr/lib/node_modules/npm/node_modules/request/request.js:1207:14)
29 verbose stack     at Request.emit (events.js:129:20)
29 verbose stack     at IncomingMessage.<anonymous> (/usr/lib/node_modules/npm/node_modules/request/request.js:1153:12)
29 verbose stack     at IncomingMessage.emit (events.js:129:20)
29 verbose stack     at _stream_readable.js:908:16
29 verbose stack     at process._tickCallback (node.js:355:11)
30 verbose statusCode 404
31 verbose pkgid laravel-elexir
32 verbose cwd /home/alez/Code/laracasts/comand_oriented_aproach/larabook
33 error Linux 3.16.0-46-generic
34 error argv "/usr/bin/node" "/usr/bin/npm" "install" "laravel-elexir"
35 error node v0.12.7
36 error npm  v2.11.3
37 error code E404
38 error 404 Registry returned 404 for GET on https://registry.npmjs.org/laravel-elexir
38 error 404
38 error 404 'laravel-elexir' is not in the npm registry.
38 error 404 You should bug the author to publish it (or use the name yourself!)
38 error 404
38 error 404 Note that you can also install from a
38 error 404 tarball, folder, http url, or git url.
39 verbose exit [ 1, true ]
